Determining if the pthread_create exist failed with the following output:
Change Dir: /home/vjiaoblack/Compsci/Athena/cmake-build-debug/CMakeFiles/CMakeTmp

Run Build Command:"/usr/bin/make" "cmTC_a535d/fast"
/usr/bin/make -f CMakeFiles/cmTC_a535d.dir/build.make CMakeFiles/cmTC_a535d.dir/build
make[1]: Entering directory '/home/vjiaoblack/Compsci/Athena/cmake-build-debug/CMakeFiles/CMakeTmp'
Building C object CMakeFiles/cmTC_a535d.dir/CheckSymbolExists.c.o
/usr/bin/clang    -o CMakeFiles/cmTC_a535d.dir/CheckSymbolExists.c.o   -c /home/vjiaoblack/Compsci/Athena/cmake-build-debug/CMakeFiles/CMakeTmp/CheckSymbolExists.c
Linking C executable cmTC_a535d
/home/vjiaoblack/Compsci/clion-2018.1.2/bin/cmake/bin/cmake -E cmake_link_script CMakeFiles/cmTC_a535d.dir/link.txt --verbose=1
/usr/bin/clang      -rdynamic CMakeFiles/cmTC_a535d.dir/CheckSymbolExists.c.o  -o cmTC_a535d 
CMakeFiles/cmTC_a535d.dir/CheckSymbolExists.c.o: In function `main':
/home/vjiaoblack/Compsci/Athena/cmake-build-debug/CMakeFiles/CMakeTmp/CheckSymbolExists.c:(.text+0x19): undefined reference to `pthread_create'
clang: error: linker command failed with exit code 1 (use -v to see invocation)
CMakeFiles/cmTC_a535d.dir/build.make:97: recipe for target 'cmTC_a535d' failed
make[1]: *** [cmTC_a535d] Error 1
make[1]: Leaving directory '/home/vjiaoblack/Compsci/Athena/cmake-build-debug/CMakeFiles/CMakeTmp'
Makefile:126: recipe for target 'cmTC_a535d/fast' failed
make: *** [cmTC_a535d/fast] Error 2

File /home/vjiaoblack/Compsci/Athena/cmake-build-debug/CMakeFiles/CMakeTmp/CheckSymbolExists.c:
/* */
#include <pthread.h>

int main(int argc, char** argv)
{
  (void)argv;
#ifndef pthread_create
  return ((int*)(&pthread_create))[argc];
#else
  (void)argc;
  return 0;
#endif
}

Determining if the function pthread_create exists in the pthreads failed with the following output:
Change Dir: /home/vjiaoblack/Compsci/Athena/cmake-build-debug/CMakeFiles/CMakeTmp

Run Build Command:"/usr/bin/make" "cmTC_66de8/fast"
/usr/bin/make -f CMakeFiles/cmTC_66de8.dir/build.make CMakeFiles/cmTC_66de8.dir/build
make[1]: Entering directory '/home/vjiaoblack/Compsci/Athena/cmake-build-debug/CMakeFiles/CMakeTmp'
Building C object CMakeFiles/cmTC_66de8.dir/CheckFunctionExists.c.o
/usr/bin/clang   -DCHECK_FUNCTION_EXISTS=pthread_create   -o CMakeFiles/cmTC_66de8.dir/CheckFunctionExists.c.o   -c /home/vjiaoblack/Compsci/clion-2018.1.2/bin/cmake/share/cmake-3.10/Modules/CheckFunctionExists.c
Linking C executable cmTC_66de8
/home/vjiaoblack/Compsci/clion-2018.1.2/bin/cmake/bin/cmake -E cmake_link_script CMakeFiles/cmTC_66de8.dir/link.txt --verbose=1
/usr/bin/clang  -DCHECK_FUNCTION_EXISTS=pthread_create    -rdynamic CMakeFiles/cmTC_66de8.dir/CheckFunctionExists.c.o  -o cmTC_66de8 -lpthreads 
/usr/bin/ld: cannot find -lpthreads
clang: error: linker command failed with exit code 1 (use -v to see invocation)
CMakeFiles/cmTC_66de8.dir/build.make:97: recipe for target 'cmTC_66de8' failed
make[1]: *** [cmTC_66de8] Error 1
make[1]: Leaving directory '/home/vjiaoblack/Compsci/Athena/cmake-build-debug/CMakeFiles/CMakeTmp'
Makefile:126: recipe for target 'cmTC_66de8/fast' failed
make: *** [cmTC_66de8/fast] Error 2


